<?xml version="1.0" encoding="UTF-8"?>
<coverage generated="1710417973664" clover="3.2.0">
  <project timestamp="1710417973664" name="All files">
    <metrics statements="16" coveredstatements="16" conditionals="6" coveredconditionals="6" methods="3" coveredmethods="3" elements="25" coveredelements="25" complexity="0" loc="16" ncloc="16" packages="1" files="1" classes="1"/>
    <file name="wordle.js" path="C:\Users\Oskar\OneDrive\Skrivbord\Oskar\Systemutveckling\wordle\wordle\wordle.js">
      <metrics statements="16" coveredstatements="16" conditionals="6" coveredconditionals="6" methods="3" coveredmethods="3"/>
      <line num="28" count="3" type="stmt"/>
      <line num="29" count="3" type="stmt"/>
      <line num="30" count="3" type="stmt"/>
      <line num="31" count="3" type="stmt"/>
      <line num="33" count="3" type="stmt"/>
      <line num="34" count="9" type="cond" truecount="2" falsecount="0"/>
      <line num="35" count="4" type="stmt"/>
      <line num="36" count="5" type="cond" truecount="2" falsecount="0"/>
      <line num="37" count="2" type="cond" truecount="2" falsecount="0"/>
      <line num="38" count="10" type="stmt"/>
      <line num="39" count="10" type="stmt"/>
      <line num="41" count="1" type="stmt"/>
      <line num="42" count="1" type="stmt"/>
      <line num="44" count="1" type="stmt"/>
      <line num="47" count="3" type="stmt"/>
      <line num="50" count="3" type="stmt"/>
    </file>
  </project>
</coverage>
