<?xml version="1.0" encoding="UTF-8"?>
<coverage generated="1710494212169" clover="3.2.0">
  <project timestamp="1710494212169" name="All files">
    <metrics statements="32" coveredstatements="32" conditionals="16" coveredconditionals="16" methods="6" coveredmethods="6" elements="54" coveredelements="54" complexity="0" loc="32" ncloc="32" packages="1" files="2" classes="2"/>
    <file name="feedback.js" path="C:\Users\Oskar\OneDrive\Skrivbord\Oskar\Systemutveckling\wordle\wordle\feedback.js">
      <metrics statements="18" coveredstatements="18" conditionals="8" coveredconditionals="8" methods="3" coveredmethods="3"/>
      <line num="2" count="4" type="stmt"/>
      <line num="3" count="4" type="stmt"/>
      <line num="4" count="4" type="stmt"/>
      <line num="5" count="4" type="stmt"/>
      <line num="7" count="4" type="stmt"/>
      <line num="8" count="10" type="cond" truecount="2" falsecount="0"/>
      <line num="9" count="2" type="stmt"/>
      <line num="11" count="8" type="cond" truecount="2" falsecount="0"/>
      <line num="12" count="4" type="stmt"/>
      <line num="13" count="4" type="cond" truecount="2" falsecount="0"/>
      <line num="14" count="2" type="cond" truecount="2" falsecount="0"/>
      <line num="15" count="10" type="stmt"/>
      <line num="16" count="10" type="stmt"/>
      <line num="18" count="1" type="stmt"/>
      <line num="19" count="1" type="stmt"/>
      <line num="21" count="1" type="stmt"/>
      <line num="24" count="2" type="stmt"/>
      <line num="27" count="2" type="stmt"/>
    </file>
    <file name="words.js" path="C:\Users\Oskar\OneDrive\Skrivbord\Oskar\Systemutveckling\wordle\wordle\words.js">
      <metrics statements="14" coveredstatements="14" conditionals="8" coveredconditionals="8" methods="3" coveredmethods="3"/>
      <line num="2" count="305" type="stmt"/>
      <line num="4" count="305" type="cond" truecount="2" falsecount="0"/>
      <line num="5" count="1" type="stmt"/>
      <line num="8" count="305" type="cond" truecount="2" falsecount="0"/>
      <line num="9" count="1811" type="stmt"/>
      <line num="11" count="1" type="stmt"/>
      <line num="14" count="304" type="cond" truecount="2" falsecount="0"/>
      <line num="15" count="3" type="stmt"/>
      <line num="16" count="3" type="stmt"/>
      <line num="18" count="301" type="stmt"/>
      <line num="21" count="304" type="cond" truecount="2" falsecount="0"/>
      <line num="22" count="1" type="stmt"/>
      <line num="25" count="303" type="stmt"/>
      <line num="27" count="303" type="stmt"/>
    </file>
  </project>
</coverage>
