{"C:\\Users\\Oskar\\OneDrive\\Skrivbord\\Oskar\\Systemutveckling\\wordle\\wordle\\wordle.js": {"path":"C:\\Users\\Oskar\\OneDrive\\Skrivbord\\Oskar\\Systemutveckling\\wordle\\wordle\\wordle.js","statementMap":{"0":{"start":{"line":28,"column":17},"end":{"line":28,"column":53}},"1":{"start":{"line":29,"column":16},"end":{"line":29,"column":51}},"2":{"start":{"line":30,"column":15},"end":{"line":30,"column":17}},"3":{"start":{"line":31,"column":25},"end":{"line":31,"column":26}},"4":{"start":{"line":33,"column":2},"end":{"line":49,"column":3}},"5":{"start":{"line":33,"column":15},"end":{"line":33,"column":16}},"6":{"start":{"line":34,"column":4},"end":{"line":48,"column":5}},"7":{"start":{"line":35,"column":6},"end":{"line":35,"column":61}},"8":{"start":{"line":36,"column":11},"end":{"line":48,"column":5}},"9":{"start":{"line":37,"column":6},"end":{"line":45,"column":7}},"10":{"start":{"line":38,"column":33},"end":{"line":38,"column":52}},"11":{"start":{"line":39,"column":34},"end":{"line":39,"column":53}},"12":{"start":{"line":41,"column":8},"end":{"line":41,"column":27}},"13":{"start":{"line":42,"column":8},"end":{"line":42,"column":65}},"14":{"start":{"line":44,"column":8},"end":{"line":44,"column":65}},"15":{"start":{"line":47,"column":6},"end":{"line":47,"column":63}},"16":{"start":{"line":50,"column":2},"end":{"line":50,"column":16}}},"fnMap":{"0":{"name":"wordle","decl":{"start":{"line":27,"column":24},"end":{"line":27,"column":30}},"loc":{"start":{"line":27,"column":58},"end":{"line":51,"column":1}},"line":27},"1":{"name":"(anonymous_1)","decl":{"start":{"line":38,"column":23},"end":{"line":38,"column":24}},"loc":{"start":{"line":38,"column":33},"end":{"line":38,"column":52}},"line":38},"2":{"name":"(anonymous_2)","decl":{"start":{"line":39,"column":24},"end":{"line":39,"column":25}},"loc":{"start":{"line":39,"column":34},"end":{"line":39,"column":53}},"line":39}},"branchMap":{"0":{"loc":{"start":{"line":34,"column":4},"end":{"line":48,"column":5}},"type":"if","locations":[{"start":{"line":34,"column":4},"end":{"line":48,"column":5}},{"start":{"line":36,"column":11},"end":{"line":48,"column":5}}],"line":34},"1":{"loc":{"start":{"line":36,"column":11},"end":{"line":48,"column":5}},"type":"if","locations":[{"start":{"line":36,"column":11},"end":{"line":48,"column":5}},{"start":{"line":46,"column":11},"end":{"line":48,"column":5}}],"line":36},"2":{"loc":{"start":{"line":37,"column":6},"end":{"line":45,"column":7}},"type":"if","locations":[{"start":{"line":37,"column":6},"end":{"line":45,"column":7}},{"start":{"line":43,"column":13},"end":{"line":45,"column":7}}],"line":37}},"s":{"0":3,"1":3,"2":3,"3":3,"4":3,"5":3,"6":9,"7":4,"8":5,"9":2,"10":10,"11":10,"12":1,"13":1,"14":1,"15":3,"16":3},"f":{"0":3,"1":10,"2":10},"b":{"0":[4,5],"1":[2,3],"2":[1,1]},"_coverageSchema":"1a1c01bbd47fc00a2c39e90264f33305004495a9","hash":"5ecfaedfba989fb0d00586b8edfe32787d2211aa"}
}
