{"C:\\Users\\Oskar\\OneDrive\\Skrivbord\\Oskar\\Systemutveckling\\wordle\\wordle\\feedback.js": {"path":"C:\\Users\\Oskar\\OneDrive\\Skrivbord\\Oskar\\Systemutveckling\\wordle\\wordle\\feedback.js","statementMap":{"0":{"start":{"line":2,"column":17},"end":{"line":2,"column":53}},"1":{"start":{"line":3,"column":16},"end":{"line":3,"column":51}},"2":{"start":{"line":4,"column":15},"end":{"line":4,"column":17}},"3":{"start":{"line":5,"column":25},"end":{"line":5,"column":26}},"4":{"start":{"line":7,"column":2},"end":{"line":26,"column":3}},"5":{"start":{"line":7,"column":15},"end":{"line":7,"column":16}},"6":{"start":{"line":8,"column":4},"end":{"line":10,"column":5}},"7":{"start":{"line":9,"column":6},"end":{"line":9,"column":45}},"8":{"start":{"line":11,"column":4},"end":{"line":25,"column":5}},"9":{"start":{"line":12,"column":6},"end":{"line":12,"column":61}},"10":{"start":{"line":13,"column":11},"end":{"line":25,"column":5}},"11":{"start":{"line":14,"column":6},"end":{"line":22,"column":7}},"12":{"start":{"line":15,"column":33},"end":{"line":15,"column":52}},"13":{"start":{"line":16,"column":34},"end":{"line":16,"column":53}},"14":{"start":{"line":18,"column":8},"end":{"line":18,"column":27}},"15":{"start":{"line":19,"column":8},"end":{"line":19,"column":65}},"16":{"start":{"line":21,"column":8},"end":{"line":21,"column":65}},"17":{"start":{"line":24,"column":6},"end":{"line":24,"column":63}},"18":{"start":{"line":27,"column":2},"end":{"line":27,"column":16}}},"fnMap":{"0":{"name":"feedback","decl":{"start":{"line":1,"column":24},"end":{"line":1,"column":32}},"loc":{"start":{"line":1,"column":60},"end":{"line":28,"column":1}},"line":1},"1":{"name":"(anonymous_1)","decl":{"start":{"line":15,"column":23},"end":{"line":15,"column":24}},"loc":{"start":{"line":15,"column":33},"end":{"line":15,"column":52}},"line":15},"2":{"name":"(anonymous_2)","decl":{"start":{"line":16,"column":24},"end":{"line":16,"column":25}},"loc":{"start":{"line":16,"column":34},"end":{"line":16,"column":53}},"line":16}},"branchMap":{"0":{"loc":{"start":{"line":8,"column":4},"end":{"line":10,"column":5}},"type":"if","locations":[{"start":{"line":8,"column":4},"end":{"line":10,"column":5}},{"start":{},"end":{}}],"line":8},"1":{"loc":{"start":{"line":11,"column":4},"end":{"line":25,"column":5}},"type":"if","locations":[{"start":{"line":11,"column":4},"end":{"line":25,"column":5}},{"start":{"line":13,"column":11},"end":{"line":25,"column":5}}],"line":11},"2":{"loc":{"start":{"line":13,"column":11},"end":{"line":25,"column":5}},"type":"if","locations":[{"start":{"line":13,"column":11},"end":{"line":25,"column":5}},{"start":{"line":23,"column":11},"end":{"line":25,"column":5}}],"line":13},"3":{"loc":{"start":{"line":14,"column":6},"end":{"line":22,"column":7}},"type":"if","locations":[{"start":{"line":14,"column":6},"end":{"line":22,"column":7}},{"start":{"line":20,"column":13},"end":{"line":22,"column":7}}],"line":14}},"s":{"0":4,"1":4,"2":4,"3":4,"4":4,"5":4,"6":10,"7":2,"8":8,"9":4,"10":4,"11":2,"12":10,"13":10,"14":1,"15":1,"16":1,"17":2,"18":2},"f":{"0":4,"1":10,"2":10},"b":{"0":[2,8],"1":[4,4],"2":[2,2],"3":[1,1]},"_coverageSchema":"1a1c01bbd47fc00a2c39e90264f33305004495a9","hash":"7ebcad89e2b6273de552adc232b94391df0f30cc"}
,"C:\\Users\\Oskar\\OneDrive\\Skrivbord\\Oskar\\Systemutveckling\\wordle\\wordle\\words.js": {"path":"C:\\Users\\Oskar\\OneDrive\\Skrivbord\\Oskar\\Systemutveckling\\wordle\\wordle\\words.js","statementMap":{"0":{"start":{"line":2,"column":15},"end":{"line":2,"column":17}},"1":{"start":{"line":4,"column":2},"end":{"line":6,"column":3}},"2":{"start":{"line":5,"column":4},"end":{"line":5,"column":35}},"3":{"start":{"line":8,"column":2},"end":{"line":12,"column":3}},"4":{"start":{"line":9,"column":4},"end":{"line":9,"column":65}},"5":{"start":{"line":9,"column":41},"end":{"line":9,"column":63}},"6":{"start":{"line":11,"column":4},"end":{"line":11,"column":44}},"7":{"start":{"line":14,"column":2},"end":{"line":19,"column":3}},"8":{"start":{"line":15,"column":4},"end":{"line":15,"column":77}},"9":{"start":{"line":15,"column":41},"end":{"line":15,"column":75}},"10":{"start":{"line":16,"column":4},"end":{"line":16,"column":22}},"11":{"start":{"line":18,"column":4},"end":{"line":18,"column":22}},"12":{"start":{"line":21,"column":2},"end":{"line":23,"column":3}},"13":{"start":{"line":22,"column":4},"end":{"line":22,"column":14}},"14":{"start":{"line":25,"column":19},"end":{"line":25,"column":60}},"15":{"start":{"line":27,"column":2},"end":{"line":27,"column":28}}},"fnMap":{"0":{"name":"selectWord","decl":{"start":{"line":1,"column":24},"end":{"line":1,"column":34}},"loc":{"start":{"line":1,"column":68},"end":{"line":28,"column":1}},"line":1},"1":{"name":"(anonymous_1)","decl":{"start":{"line":9,"column":31},"end":{"line":9,"column":32}},"loc":{"start":{"line":9,"column":41},"end":{"line":9,"column":63}},"line":9},"2":{"name":"(anonymous_2)","decl":{"start":{"line":15,"column":31},"end":{"line":15,"column":32}},"loc":{"start":{"line":15,"column":41},"end":{"line":15,"column":75}},"line":15}},"branchMap":{"0":{"loc":{"start":{"line":4,"column":2},"end":{"line":6,"column":3}},"type":"if","locations":[{"start":{"line":4,"column":2},"end":{"line":6,"column":3}},{"start":{},"end":{}}],"line":4},"1":{"loc":{"start":{"line":8,"column":2},"end":{"line":12,"column":3}},"type":"if","locations":[{"start":{"line":8,"column":2},"end":{"line":12,"column":3}},{"start":{"line":10,"column":9},"end":{"line":12,"column":3}}],"line":8},"2":{"loc":{"start":{"line":14,"column":2},"end":{"line":19,"column":3}},"type":"if","locations":[{"start":{"line":14,"column":2},"end":{"line":19,"column":3}},{"start":{"line":17,"column":9},"end":{"line":19,"column":3}}],"line":14},"3":{"loc":{"start":{"line":21,"column":2},"end":{"line":23,"column":3}},"type":"if","locations":[{"start":{"line":21,"column":2},"end":{"line":23,"column":3}},{"start":{},"end":{}}],"line":21}},"s":{"0":305,"1":305,"2":1,"3":305,"4":304,"5":1811,"6":1,"7":304,"8":3,"9":2,"10":3,"11":301,"12":304,"13":1,"14":303,"15":303},"f":{"0":305,"1":1811,"2":2},"b":{"0":[1,304],"1":[304,1],"2":[3,301],"3":[1,303]},"_coverageSchema":"1a1c01bbd47fc00a2c39e90264f33305004495a9","hash":"a13b38ca7e29023e70e1d26c2ba3445fecdaaece"}
}
