TN:
SF:feedback.js
FN:1,feedback
FN:15,(anonymous_1)
FN:16,(anonymous_2)
FNF:3
FNH:3
FNDA:4,feedback
FNDA:10,(anonymous_1)
FNDA:10,(anonymous_2)
DA:2,4
DA:3,4
DA:4,4
DA:5,4
DA:7,4
DA:8,10
DA:9,2
DA:11,8
DA:12,4
DA:13,4
DA:14,2
DA:15,10
DA:16,10
DA:18,1
DA:19,1
DA:21,1
DA:24,2
DA:27,2
LF:18
LH:18
BRDA:8,0,0,2
BRDA:8,0,1,8
BRDA:11,1,0,4
BRDA:11,1,1,4
BRDA:13,2,0,2
BRDA:13,2,1,2
BRDA:14,3,0,1
BRDA:14,3,1,1
BRF:8
BRH:8
end_of_record
TN:
SF:words.js
FN:1,selectWord
FN:9,(anonymous_1)
FN:15,(anonymous_2)
FNF:3
FNH:3
FNDA:305,selectWord
FNDA:1811,(anonymous_1)
FNDA:2,(anonymous_2)
DA:2,305
DA:4,305
DA:5,1
DA:8,305
DA:9,1811
DA:11,1
DA:14,304
DA:15,3
DA:16,3
DA:18,301
DA:21,304
DA:22,1
DA:25,303
DA:27,303
LF:14
LH:14
BRDA:4,0,0,1
BRDA:4,0,1,304
BRDA:8,1,0,304
BRDA:8,1,1,1
BRDA:14,2,0,3
BRDA:14,2,1,301
BRDA:21,3,0,1
BRDA:21,3,1,303
BRF:8
BRH:8
end_of_record
